<?xml version="1.0" encoding="UTF-8"?>
<!-- Generated by org.testng.reporters.JUnitReportReporter -->
<testsuite hostname="LAPTOP-FQPDSU1B" failures="0" tests="1" name="Dmgmedia.NewTestNg" time="37.746" errors="0" timestamp="2023-05-31T13:18:17 BST" skipped="0">
  <testcase classname="Dmgmedia.NewTestNg" name="step1" time="37.746"/>
  <system-out/>
</testsuite> <!-- Dmgmedia.NewTestNg -->
